2025-10-16 14:31:37,294 - INFO - Maluot saqlandi
2025-10-16 14:33:11,252 - INFO - DataPreprocessing class initialized
2025-10-16 14:33:11,254 - INFO - Rank ustunidagi bo'sh qiymatlar mode bilan to'ldirildi.
2025-10-16 14:33:11,255 - INFO - Changes ustunidagi bo'sh qiymatlar mean bilan to'ldirildi.
2025-10-16 14:33:11,256 - INFO - Area ustunidagi bo'sh qiymatlar mode bilan to'ldirildi.
2025-10-16 14:33:11,257 - INFO - Population density ustunidagi bo'sh qiymatlar mean bilan to'ldirildi.
2025-10-16 14:33:11,258 - INFO - Foizi ustunidagi bo'sh qiymatlar mode bilan to'ldirildi.
2025-10-16 14:33:11,258 - INFO - Date ustunidagi bo'sh qiymatlar mode bilan to'ldirildi.
2025-10-16 14:33:11,262 - INFO - Source ustunidagi bo'sh qiymatlar mode bilan to'ldirildi.
2025-10-16 14:33:11,265 - INFO - Rank ustuni LabelEncoder bilan kodlandi.
2025-10-16 14:33:11,267 - INFO - Location ustuni LabelEncoder bilan kodlandi.
2025-10-16 14:33:11,270 - INFO - Population ustuni LabelEncoder bilan kodlandi.
2025-10-16 14:33:11,271 - INFO - Area ustuni LabelEncoder bilan kodlandi.
2025-10-16 14:33:11,272 - INFO - Foizi ustuni LabelEncoder bilan kodlandi.
2025-10-16 14:33:11,273 - INFO - Date ustuni LabelEncoder bilan kodlandi.
2025-10-16 14:33:11,274 - INFO - Source ustuni LabelEncoder bilan kodlandi.
2025-10-16 14:33:11,279 - INFO - Raqamli ustunlar MinMaxScaler bilan o'lchovga keltirildi.
2025-10-16 14:33:11,279 - INFO - Tayyor ma'lumot olindi.
2025-10-16 14:33:16,822 - INFO - Maluot saqlandi
2025-10-16 14:34:19,796 - INFO - DataPreprocessing class initialized
2025-10-16 14:34:19,799 - INFO - Rank ustunidagi bo'sh qiymatlar mode bilan to'ldirildi.
2025-10-16 14:34:19,802 - INFO - Changes ustunidagi bo'sh qiymatlar mean bilan to'ldirildi.
2025-10-16 14:34:19,804 - INFO - Area ustunidagi bo'sh qiymatlar mode bilan to'ldirildi.
2025-10-16 14:34:19,805 - INFO - Population density ustunidagi bo'sh qiymatlar mean bilan to'ldirildi.
2025-10-16 14:34:19,807 - INFO - Foizi ustunidagi bo'sh qiymatlar mode bilan to'ldirildi.
2025-10-16 14:34:19,808 - INFO - Date ustunidagi bo'sh qiymatlar mode bilan to'ldirildi.
2025-10-16 14:34:19,809 - INFO - Source ustunidagi bo'sh qiymatlar mode bilan to'ldirildi.
2025-10-16 14:34:19,812 - INFO - Rank ustuni LabelEncoder bilan kodlandi.
2025-10-16 14:34:19,815 - INFO - Location ustuni LabelEncoder bilan kodlandi.
2025-10-16 14:34:19,817 - INFO - Population ustuni LabelEncoder bilan kodlandi.
2025-10-16 14:34:19,819 - INFO - Area ustuni LabelEncoder bilan kodlandi.
2025-10-16 14:34:19,820 - INFO - Foizi ustuni LabelEncoder bilan kodlandi.
2025-10-16 14:34:19,821 - INFO - Date ustuni LabelEncoder bilan kodlandi.
2025-10-16 14:34:19,822 - INFO - Source ustuni LabelEncoder bilan kodlandi.
2025-10-16 14:34:19,826 - INFO - Raqamli ustunlar MinMaxScaler bilan o'lchovga keltirildi.
2025-10-16 14:34:19,827 - INFO - Tayyor ma'lumot olindi.
2025-10-16 14:34:24,970 - INFO - Maluot saqlandi
2025-10-16 17:04:55,482 - INFO - Yillik o‘sish grafigi chizildi.
2025-10-16 17:08:03,648 - WARNING - xatolik yuz berdi
2025-10-16 17:11:38,440 - INFO - Bar chart chizildi.
2025-10-16 17:12:33,672 - INFO - Histogram chizildi.
